Start testing: Aug 17 18:23 PDT
----------------------------------------------------------
1/4 Testing: test_dubins
1/4 Test: test_dubins
Command: "/usr/bin/python3" "-u" "/opt/ros/jazzy/share/ament_cmake_test/cmake/run_test.py" "/home/shriperu/ros2_ws/build/global_planner/test_results/global_planner/test_dubins.gtest.xml" "--package-name" "global_planner" "--output-file" "/home/shriperu/ros2_ws/build/global_planner/ament_cmake_gtest/test_dubins.txt" "--command" "/home/shriperu/ros2_ws/build/global_planner/test_dubins" "--gtest_output=xml:/home/shriperu/ros2_ws/build/global_planner/test_results/global_planner/test_dubins.gtest.xml"
Directory: /home/shriperu/ros2_ws/build/global_planner
"test_dubins" start time: Aug 17 18:23 PDT
Output:
----------------------------------------------------------
-- run_test.py: invoking following command in '/home/shriperu/ros2_ws/build/global_planner':
 - /home/shriperu/ros2_ws/build/global_planner/test_dubins --gtest_output=xml:/home/shriperu/ros2_ws/build/global_planner/test_results/global_planner/test_dubins.gtest.xml
Running main() from /opt/ros/jazzy/src/gtest_vendor/src/gtest_main.cc
[==========] Running 3 tests from 1 test suite.
[----------] Global test environment set-up.
[----------] 3 tests from DubinsTest
[ RUN      ] DubinsTest.PathLengthAtLeastStraightLineDistance
[       OK ] DubinsTest.PathLengthAtLeastStraightLineDistance (0 ms)
[ RUN      ] DubinsTest.SamplingAtZeroReturnsStart
[       OK ] DubinsTest.SamplingAtZeroReturnsStart (0 ms)
[ RUN      ] DubinsTest.EndpointMatchesGoal
[       OK ] DubinsTest.EndpointMatchesGoal (0 ms)
[----------] 3 tests from DubinsTest (0 ms total)

[----------] Global test environment tear-down
[==========] 3 tests from 1 test suite ran. (0 ms total)
[  PASSED  ] 3 tests.
-- run_test.py: return code 0
-- run_test.py: inject classname prefix into gtest result file '/home/shriperu/ros2_ws/build/global_planner/test_results/global_planner/test_dubins.gtest.xml'
-- run_test.py: verify result file '/home/shriperu/ros2_ws/build/global_planner/test_results/global_planner/test_dubins.gtest.xml'
<end of output>
Test time =   0.08 sec
----------------------------------------------------------
Test Passed.
"test_dubins" end time: Aug 17 18:23 PDT
"test_dubins" time elapsed: 00:00:00
----------------------------------------------------------

2/4 Testing: cppcheck
2/4 Test: cppcheck
Command: "/usr/bin/python3" "-u" "/opt/ros/jazzy/share/ament_cmake_test/cmake/run_test.py" "/home/shriperu/ros2_ws/build/global_planner/test_results/global_planner/cppcheck.xunit.xml" "--package-name" "global_planner" "--output-file" "/home/shriperu/ros2_ws/build/global_planner/ament_cppcheck/cppcheck.txt" "--command" "/opt/ros/jazzy/bin/ament_cppcheck" "--xunit-file" "/home/shriperu/ros2_ws/build/global_planner/test_results/global_planner/cppcheck.xunit.xml" "--include_dirs" "/home/shriperu/ros2_ws/src/global_planner/include"
Directory: /home/shriperu/ros2_ws/src/global_planner
"cppcheck" start time: Aug 17 18:23 PDT
Output:
----------------------------------------------------------
-- run_test.py: invoking following command in '/home/shriperu/ros2_ws/src/global_planner':
 - /opt/ros/jazzy/bin/ament_cppcheck --xunit-file /home/shriperu/ros2_ws/build/global_planner/test_results/global_planner/cppcheck.xunit.xml --include_dirs /home/shriperu/ros2_ws/src/global_planner/include
cppcheck 2.13.0 has known performance issues and therefore will not be used, set the AMENT_CPPCHECK_ALLOW_SLOW_VERSIONS environment variable to override this.
-- run_test.py: return code 0
-- run_test.py: verify result file '/home/shriperu/ros2_ws/build/global_planner/test_results/global_planner/cppcheck.xunit.xml'
<end of output>
Test time =   0.23 sec
----------------------------------------------------------
Test Passed.
"cppcheck" end time: Aug 17 18:23 PDT
"cppcheck" time elapsed: 00:00:00
----------------------------------------------------------

3/4 Testing: lint_cmake
3/4 Test: lint_cmake
Command: "/usr/bin/python3" "-u" "/opt/ros/jazzy/share/ament_cmake_test/cmake/run_test.py" "/home/shriperu/ros2_ws/build/global_planner/test_results/global_planner/lint_cmake.xunit.xml" "--package-name" "global_planner" "--output-file" "/home/shriperu/ros2_ws/build/global_planner/ament_lint_cmake/lint_cmake.txt" "--command" "/opt/ros/jazzy/bin/ament_lint_cmake" "--xunit-file" "/home/shriperu/ros2_ws/build/global_planner/test_results/global_planner/lint_cmake.xunit.xml"
Directory: /home/shriperu/ros2_ws/src/global_planner
"lint_cmake" start time: Aug 17 18:23 PDT
Output:
----------------------------------------------------------
-- run_test.py: invoking following command in '/home/shriperu/ros2_ws/src/global_planner':
 - /opt/ros/jazzy/bin/ament_lint_cmake --xunit-file /home/shriperu/ros2_ws/build/global_planner/test_results/global_planner/lint_cmake.xunit.xml

No problems found
-- run_test.py: return code 0
-- run_test.py: verify result file '/home/shriperu/ros2_ws/build/global_planner/test_results/global_planner/lint_cmake.xunit.xml'
<end of output>
Test time =   0.17 sec
----------------------------------------------------------
Test Passed.
"lint_cmake" end time: Aug 17 18:23 PDT
"lint_cmake" time elapsed: 00:00:00
----------------------------------------------------------

4/4 Testing: xmllint
4/4 Test: xmllint
Command: "/usr/bin/python3" "-u" "/opt/ros/jazzy/share/ament_cmake_test/cmake/run_test.py" "/home/shriperu/ros2_ws/build/global_planner/test_results/global_planner/xmllint.xunit.xml" "--package-name" "global_planner" "--output-file" "/home/shriperu/ros2_ws/build/global_planner/ament_xmllint/xmllint.txt" "--command" "/opt/ros/jazzy/bin/ament_xmllint" "--xunit-file" "/home/shriperu/ros2_ws/build/global_planner/test_results/global_planner/xmllint.xunit.xml"
Directory: /home/shriperu/ros2_ws/src/global_planner
"xmllint" start time: Aug 17 18:23 PDT
Output:
----------------------------------------------------------
-- run_test.py: invoking following command in '/home/shriperu/ros2_ws/src/global_planner':
 - /opt/ros/jazzy/bin/ament_xmllint --xunit-file /home/shriperu/ros2_ws/build/global_planner/test_results/global_planner/xmllint.xunit.xml
File 'package.xml' is valid

No problems found
-- run_test.py: return code 0
-- run_test.py: verify result file '/home/shriperu/ros2_ws/build/global_planner/test_results/global_planner/xmllint.xunit.xml'
<end of output>
Test time =   0.37 sec
----------------------------------------------------------
Test Passed.
"xmllint" end time: Aug 17 18:23 PDT
"xmllint" time elapsed: 00:00:00
----------------------------------------------------------

End testing: Aug 17 18:23 PDT

cppcheck =   0.23 sec*proc

gtest =   0.08 sec*proc

lint_cmake =   0.17 sec*proc

linter =   0.78 sec*proc

xmllint =   0.37 sec*proc

