<?xml version="1.0" encoding="UTF-8"?>
<Site BuildName="(empty)"
	BuildStamp="20260818-0123-Experimental"
	Name="ShriComputer"
	Generator="ctest-3.28.3"
	CompilerName="/usr/bin/c++"
	CompilerVersion="13.3.0"
	OSName="Linux"
	Hostname="ShriComputer"
	OSRelease="6.18.33.2-microsoft-standard-WSL2"
	OSVersion="#1 SMP PREEMPT_DYNAMIC Thu Jun 18 21:54:43 UTC 2026"
	OSPlatform="x86_64"
	Is64Bits="1"
	VendorString="AuthenticAMD"
	VendorID="Advanced Micro Devices"
	FamilyID="25"
	ModelID="68"
	ProcessorCacheSize="512"
	NumberOfLogicalCPU="16"
	NumberOfPhysicalCPU="8"
	TotalVirtualMemory="5120"
	TotalPhysicalMemory="19613"
	LogicalProcessorsPerPhysical="2"
	ProcessorClockFrequency="3293.81"
	>
	<Testing>
		<StartDateTime>Aug 17 18:23 PDT</StartDateTime>
		<StartTestTime>1787016194</StartTestTime>
		<TestList>
			<Test>./test_dubins</Test>
			<Test>./cppcheck</Test>
			<Test>./lint_cmake</Test>
			<Test>./xmllint</Test>
		</TestList>
		<Test Status="passed">
			<Name>test_dubins</Name>
			<Path>.</Path>
			<FullName>./test_dubins</FullName>
			<FullCommandLine>/usr/bin/python3 "-u" "/opt/ros/jazzy/share/ament_cmake_test/cmake/run_test.py" "/home/shriperu/ros2_ws/build/global_planner/test_results/global_planner/test_dubins.gtest.xml" "--package-name" "global_planner" "--output-file" "/home/shriperu/ros2_ws/build/global_planner/ament_cmake_gtest/test_dubins.txt" "--command" "/home/shriperu/ros2_ws/build/global_planner/test_dubins" "--gtest_output=xml:/home/shriperu/ros2_ws/build/global_planner/test_results/global_planner/test_dubins.gtest.xml"</FullCommandLine>
			<Results>
				<NamedMeasurement type="numeric/double" name="Execution Time">
					<Value>0.0793608</Value>
				</NamedMeasurement>
				<NamedMeasurement type="numeric/double" name="Processors">
					<Value>1</Value>
				</NamedMeasurement>
				<NamedMeasurement type="text/string" name="Completion Status">
					<Value>Completed</Value>
				</NamedMeasurement>
				<NamedMeasurement type="text/string" name="Command Line">
					<Value>/usr/bin/python3 "-u" "/opt/ros/jazzy/share/ament_cmake_test/cmake/run_test.py" "/home/shriperu/ros2_ws/build/global_planner/test_results/global_planner/test_dubins.gtest.xml" "--package-name" "global_planner" "--output-file" "/home/shriperu/ros2_ws/build/global_planner/ament_cmake_gtest/test_dubins.txt" "--command" "/home/shriperu/ros2_ws/build/global_planner/test_dubins" "--gtest_output=xml:/home/shriperu/ros2_ws/build/global_planner/test_results/global_planner/test_dubins.gtest.xml"</Value>
				</NamedMeasurement>
				<NamedMeasurement type="text/string" name="Environment">
					<Value>#CTEST_RESOURCE_GROUP_COUNT=</Value>
				</NamedMeasurement>
				<Measurement>
					<Value>-- run_test.py: invoking following command in '/home/shriperu/ros2_ws/build/global_planner':
 - /home/shriperu/ros2_ws/build/global_planner/test_dubins --gtest_output=xml:/home/shriperu/ros2_ws/build/global_planner/test_results/global_planner/test_dubins.gtest.xml
Running main() from /opt/ros/jazzy/src/gtest_vendor/src/gtest_main.cc
[==========] Running 3 tests from 1 test suite.
[----------] Global test environment set-up.
[----------] 3 tests from DubinsTest
[ RUN      ] DubinsTest.PathLengthAtLeastStraightLineDistance
[       OK ] DubinsTest.PathLengthAtLeastStraightLineDistance (0 ms)
[ RUN      ] DubinsTest.SamplingAtZeroReturnsStart
[       OK ] DubinsTest.SamplingAtZeroReturnsStart (0 ms)
[ RUN      ] DubinsTest.EndpointMatchesGoal
[       OK ] DubinsTest.EndpointMatchesGoal (0 ms)
[----------] 3 tests from DubinsTest (0 ms total)

[----------] Global test environment tear-down
[==========] 3 tests from 1 test suite ran. (0 ms total)
[  PASSED  ] 3 tests.
-- run_test.py: return code 0
-- run_test.py: inject classname prefix into gtest result file '/home/shriperu/ros2_ws/build/global_planner/test_results/global_planner/test_dubins.gtest.xml'
-- run_test.py: verify result file '/home/shriperu/ros2_ws/build/global_planner/test_results/global_planner/test_dubins.gtest.xml'
</Value>
				</Measurement>
			</Results>
			<Labels>
				<Label>gtest</Label>
			</Labels>
		</Test>
		<Test Status="passed">
			<Name>cppcheck</Name>
			<Path>.</Path>
			<FullName>./cppcheck</FullName>
			<FullCommandLine>/usr/bin/python3 "-u" "/opt/ros/jazzy/share/ament_cmake_test/cmake/run_test.py" "/home/shriperu/ros2_ws/build/global_planner/test_results/global_planner/cppcheck.xunit.xml" "--package-name" "global_planner" "--output-file" "/home/shriperu/ros2_ws/build/global_planner/ament_cppcheck/cppcheck.txt" "--command" "/opt/ros/jazzy/bin/ament_cppcheck" "--xunit-file" "/home/shriperu/ros2_ws/build/global_planner/test_results/global_planner/cppcheck.xunit.xml" "--include_dirs" "/home/shriperu/ros2_ws/src/global_planner/include"</FullCommandLine>
			<Results>
				<NamedMeasurement type="numeric/double" name="Execution Time">
					<Value>0.233248</Value>
				</NamedMeasurement>
				<NamedMeasurement type="numeric/double" name="Processors">
					<Value>1</Value>
				</NamedMeasurement>
				<NamedMeasurement type="text/string" name="Completion Status">
					<Value>Completed</Value>
				</NamedMeasurement>
				<NamedMeasurement type="text/string" name="Command Line">
					<Value>/usr/bin/python3 "-u" "/opt/ros/jazzy/share/ament_cmake_test/cmake/run_test.py" "/home/shriperu/ros2_ws/build/global_planner/test_results/global_planner/cppcheck.xunit.xml" "--package-name" "global_planner" "--output-file" "/home/shriperu/ros2_ws/build/global_planner/ament_cppcheck/cppcheck.txt" "--command" "/opt/ros/jazzy/bin/ament_cppcheck" "--xunit-file" "/home/shriperu/ros2_ws/build/global_planner/test_results/global_planner/cppcheck.xunit.xml" "--include_dirs" "/home/shriperu/ros2_ws/src/global_planner/include"</Value>
				</NamedMeasurement>
				<NamedMeasurement type="text/string" name="Environment">
					<Value>#CTEST_RESOURCE_GROUP_COUNT=</Value>
				</NamedMeasurement>
				<Measurement>
					<Value>-- run_test.py: invoking following command in '/home/shriperu/ros2_ws/src/global_planner':
 - /opt/ros/jazzy/bin/ament_cppcheck --xunit-file /home/shriperu/ros2_ws/build/global_planner/test_results/global_planner/cppcheck.xunit.xml --include_dirs /home/shriperu/ros2_ws/src/global_planner/include
cppcheck 2.13.0 has known performance issues and therefore will not be used, set the AMENT_CPPCHECK_ALLOW_SLOW_VERSIONS environment variable to override this.
-- run_test.py: return code 0
-- run_test.py: verify result file '/home/shriperu/ros2_ws/build/global_planner/test_results/global_planner/cppcheck.xunit.xml'
</Value>
				</Measurement>
			</Results>
			<Labels>
				<Label>cppcheck</Label>
				<Label>linter</Label>
			</Labels>
		</Test>
		<Test Status="passed">
			<Name>lint_cmake</Name>
			<Path>.</Path>
			<FullName>./lint_cmake</FullName>
			<FullCommandLine>/usr/bin/python3 "-u" "/opt/ros/jazzy/share/ament_cmake_test/cmake/run_test.py" "/home/shriperu/ros2_ws/build/global_planner/test_results/global_planner/lint_cmake.xunit.xml" "--package-name" "global_planner" "--output-file" "/home/shriperu/ros2_ws/build/global_planner/ament_lint_cmake/lint_cmake.txt" "--command" "/opt/ros/jazzy/bin/ament_lint_cmake" "--xunit-file" "/home/shriperu/ros2_ws/build/global_planner/test_results/global_planner/lint_cmake.xunit.xml"</FullCommandLine>
			<Results>
				<NamedMeasurement type="numeric/double" name="Execution Time">
					<Value>0.16843</Value>
				</NamedMeasurement>
				<NamedMeasurement type="numeric/double" name="Processors">
					<Value>1</Value>
				</NamedMeasurement>
				<NamedMeasurement type="text/string" name="Completion Status">
					<Value>Completed</Value>
				</NamedMeasurement>
				<NamedMeasurement type="text/string" name="Command Line">
					<Value>/usr/bin/python3 "-u" "/opt/ros/jazzy/share/ament_cmake_test/cmake/run_test.py" "/home/shriperu/ros2_ws/build/global_planner/test_results/global_planner/lint_cmake.xunit.xml" "--package-name" "global_planner" "--output-file" "/home/shriperu/ros2_ws/build/global_planner/ament_lint_cmake/lint_cmake.txt" "--command" "/opt/ros/jazzy/bin/ament_lint_cmake" "--xunit-file" "/home/shriperu/ros2_ws/build/global_planner/test_results/global_planner/lint_cmake.xunit.xml"</Value>
				</NamedMeasurement>
				<NamedMeasurement type="text/string" name="Environment">
					<Value>#CTEST_RESOURCE_GROUP_COUNT=</Value>
				</NamedMeasurement>
				<Measurement>
					<Value>-- run_test.py: invoking following command in '/home/shriperu/ros2_ws/src/global_planner':
 - /opt/ros/jazzy/bin/ament_lint_cmake --xunit-file /home/shriperu/ros2_ws/build/global_planner/test_results/global_planner/lint_cmake.xunit.xml

No problems found
-- run_test.py: return code 0
-- run_test.py: verify result file '/home/shriperu/ros2_ws/build/global_planner/test_results/global_planner/lint_cmake.xunit.xml'
</Value>
				</Measurement>
			</Results>
			<Labels>
				<Label>lint_cmake</Label>
				<Label>linter</Label>
			</Labels>
		</Test>
		<Test Status="passed">
			<Name>xmllint</Name>
			<Path>.</Path>
			<FullName>./xmllint</FullName>
			<FullCommandLine>/usr/bin/python3 "-u" "/opt/ros/jazzy/share/ament_cmake_test/cmake/run_test.py" "/home/shriperu/ros2_ws/build/global_planner/test_results/global_planner/xmllint.xunit.xml" "--package-name" "global_planner" "--output-file" "/home/shriperu/ros2_ws/build/global_planner/ament_xmllint/xmllint.txt" "--command" "/opt/ros/jazzy/bin/ament_xmllint" "--xunit-file" "/home/shriperu/ros2_ws/build/global_planner/test_results/global_planner/xmllint.xunit.xml"</FullCommandLine>
			<Results>
				<NamedMeasurement type="numeric/double" name="Execution Time">
					<Value>0.374639</Value>
				</NamedMeasurement>
				<NamedMeasurement type="numeric/double" name="Processors">
					<Value>1</Value>
				</NamedMeasurement>
				<NamedMeasurement type="text/string" name="Completion Status">
					<Value>Completed</Value>
				</NamedMeasurement>
				<NamedMeasurement type="text/string" name="Command Line">
					<Value>/usr/bin/python3 "-u" "/opt/ros/jazzy/share/ament_cmake_test/cmake/run_test.py" "/home/shriperu/ros2_ws/build/global_planner/test_results/global_planner/xmllint.xunit.xml" "--package-name" "global_planner" "--output-file" "/home/shriperu/ros2_ws/build/global_planner/ament_xmllint/xmllint.txt" "--command" "/opt/ros/jazzy/bin/ament_xmllint" "--xunit-file" "/home/shriperu/ros2_ws/build/global_planner/test_results/global_planner/xmllint.xunit.xml"</Value>
				</NamedMeasurement>
				<NamedMeasurement type="text/string" name="Environment">
					<Value>#CTEST_RESOURCE_GROUP_COUNT=</Value>
				</NamedMeasurement>
				<Measurement>
					<Value>-- run_test.py: invoking following command in '/home/shriperu/ros2_ws/src/global_planner':
 - /opt/ros/jazzy/bin/ament_xmllint --xunit-file /home/shriperu/ros2_ws/build/global_planner/test_results/global_planner/xmllint.xunit.xml
File 'package.xml' is valid

No problems found
-- run_test.py: return code 0
-- run_test.py: verify result file '/home/shriperu/ros2_ws/build/global_planner/test_results/global_planner/xmllint.xunit.xml'
</Value>
				</Measurement>
			</Results>
			<Labels>
				<Label>linter</Label>
				<Label>xmllint</Label>
			</Labels>
		</Test>
		<EndDateTime>Aug 17 18:23 PDT</EndDateTime>
		<EndTestTime>1787016195</EndTestTime>
		<ElapsedMinutes>0</ElapsedMinutes>
	</Testing>
</Site>
